<?xml version="1.0" encoding="UTF-8"?>
<testng-results skipped="0" failed="0" ignored="0" total="2" passed="2">
  <reporter-output>
  </reporter-output>
  <suite name="Default suite" duration-ms="1118" started-at="2020-06-05T00:23:18Z" finished-at="2020-06-05T00:23:19Z">
    <groups>
    </groups>
    <test name="Default test" duration-ms="1118" started-at="2020-06-05T00:23:18Z" finished-at="2020-06-05T00:23:19Z">
      <class name="com.arraysHowToCreateExcellFile.DataFormat">
        <test-method status="PASS" signature="dataFormat()[pri:0, instance:com.arraysHowToCreateExcellFile.DataFormat@27efef64]" name="dataFormat" duration-ms="971" started-at="2020-06-05T00:23:18Z" finished-at="2020-06-05T00:23:19Z">
          <reporter-output>
          </reporter-output>
        </test-method> <!-- dataFormat -->
        <test-method status="PASS" signature="readData()[pri:0, instance:com.arraysHowToCreateExcellFile.DataFormat@27efef64]" name="readData" duration-ms="106" started-at="2020-06-05T00:23:19Z" finished-at="2020-06-05T00:23:19Z">
          <reporter-output>
          </reporter-output>
        </test-method> <!-- readData -->
      </class> <!-- com.arraysHowToCreateExcellFile.DataFormat -->
    </test> <!-- Default test -->
  </suite> <!-- Default suite -->
</testng-results>
